{
"contracts\\MyToken.sol":{"l":{"16":23,"28":3,"29":2,"31":1,"36":3,"37":2,"39":1,"44":1,"45":1,"47":1,"51":1,"52":1,"54":1,"58":11,"59":10,"62":10,"64":8,"67":2,"74":2,"75":2,"79":6,"82":5,"85":4,"88":4,"89":1,"94":3,"95":3,"100":5,"106":6,"108":4,"115":3,"120":50,"121":49,"122":48},"path":"C:\\Users\\julya\\Desktop\\solidity\\metana-bootcamp\\module-4\\Partial Refund\\contracts\\MyToken.sol","s":{"1":23,"2":3,"3":2,"4":3,"5":2,"6":1,"7":1,"8":1,"9":1,"10":11,"11":10,"12":10,"13":8,"14":2,"15":2,"16":2,"17":6,"18":5,"19":4,"20":4,"21":3,"22":3,"23":5,"24":6,"25":2,"26":4,"27":1,"28":3,"29":3,"30":50,"31":49,"32":48},"b":{"1":[3,1],"2":[2,1],"3":[1,1],"4":[3,1],"5":[2,1],"6":[1,1],"7":[1,1],"8":[1,1],"9":[10,1],"10":[8,2],"11":[2,1],"12":[2,0],"13":[5,1],"14":[4,1],"15":[1,3],"16":[3,0],"17":[5,1],"18":[6,1],"19":[2,4],"20":[1,3],"21":[3,1],"22":[49,1],"23":[48,1]},"f":{"1":23,"2":3,"3":3,"4":1,"5":1,"6":11,"7":2,"8":6,"9":5,"10":6,"11":3,"12":50},"fnMap":{"1":{"name":"constructor","line":15,"loc":{"start":{"line":15,"column":4},"end":{"line":17,"column":4}}},"2":{"name":"ban","line":27,"loc":{"start":{"line":27,"column":4},"end":{"line":32,"column":4}}},"3":{"name":"unban","line":35,"loc":{"start":{"line":35,"column":4},"end":{"line":40,"column":4}}},"4":{"name":"setBuyPrice","line":43,"loc":{"start":{"line":43,"column":4},"end":{"line":48,"column":4}}},"5":{"name":"setSellPrice","line":50,"loc":{"start":{"line":50,"column":4},"end":{"line":55,"column":4}}},"6":{"name":"buy","line":57,"loc":{"start":{"line":57,"column":4},"end":{"line":69,"column":4}}},"7":{"name":"withdraw","line":72,"loc":{"start":{"line":72,"column":4},"end":{"line":76,"column":4}}},"8":{"name":"sellBack","line":78,"loc":{"start":{"line":78,"column":4},"end":{"line":96,"column":4}}},"9":{"name":"mintTokensToAddress","line":99,"loc":{"start":{"line":99,"column":4},"end":{"line":101,"column":4}}},"10":{"name":"changeBalanceAtAddress","line":105,"loc":{"start":{"line":105,"column":4},"end":{"line":110,"column":4}}},"11":{"name":"authoritativeTransferFrom","line":114,"loc":{"start":{"line":114,"column":4},"end":{"line":116,"column":4}}},"12":{"name":"_update","line":119,"loc":{"start":{"line":119,"column":4},"end":{"line":123,"column":4}}}},"statementMap":{"1":{"start":{"line":16,"column":8},"end":{"line":16,"column":44}},"2":{"start":{"line":28,"column":8},"end":{"line":28,"column":54}},"3":{"start":{"line":29,"column":8},"end":{"line":29,"column":53}},"4":{"start":{"line":36,"column":8},"end":{"line":36,"column":53}},"5":{"start":{"line":37,"column":8},"end":{"line":37,"column":53}},"6":{"start":{"line":44,"column":8},"end":{"line":44,"column":46}},"7":{"start":{"line":47,"column":8},"end":{"line":47,"column":55}},"8":{"start":{"line":51,"column":8},"end":{"line":51,"column":53}},"9":{"start":{"line":54,"column":8},"end":{"line":54,"column":56}},"10":{"start":{"line":58,"column":8},"end":{"line":58,"column":67}},"11":{"start":{"line":59,"column":8},"end":{"line":59,"column":54}},"12":{"start":{"line":62,"column":8},"end":{"line":62,"column":2300}},"13":{"start":{"line":64,"column":12},"end":{"line":64,"column":60}},"14":{"start":{"line":67,"column":12},"end":{"line":67,"column":41}},"15":{"start":{"line":74,"column":8},"end":{"line":74,"column":76}},"16":{"start":{"line":75,"column":8},"end":{"line":75,"column":42}},"17":{"start":{"line":79,"column":8},"end":{"line":79,"column":69}},"18":{"start":{"line":82,"column":8},"end":{"line":82,"column":47}},"19":{"start":{"line":85,"column":8},"end":{"line":85,"column":64}},"20":{"start":{"line":88,"column":8},"end":{"line":88,"column":3371}},"21":{"start":{"line":94,"column":8},"end":{"line":94,"column":72}},"22":{"start":{"line":95,"column":8},"end":{"line":95,"column":43}},"23":{"start":{"line":100,"column":8},"end":{"line":100,"column":31}},"24":{"start":{"line":106,"column":8},"end":{"line":106,"column":33}},"25":{"start":{"line":106,"column":27},"end":{"line":106,"column":33}},"26":{"start":{"line":108,"column":8},"end":{"line":108,"column":4107}},"27":{"start":{"line":108,"column":26},"end":{"line":108,"column":58}},"28":{"start":{"line":109,"column":13},"end":{"line":109,"column":44}},"29":{"start":{"line":115,"column":8},"end":{"line":115,"column":34}},"30":{"start":{"line":120,"column":8},"end":{"line":120,"column":53}},"31":{"start":{"line":121,"column":8},"end":{"line":121,"column":49}},"32":{"start":{"line":122,"column":8},"end":{"line":122,"column":38}}},"branchMap":{"1":{"line":27,"type":"if","locations":[{"start":{"line":27,"column":40},"end":{"line":27,"column":40}},{"start":{"line":27,"column":40},"end":{"line":27,"column":40}}]},"2":{"line":28,"type":"if","locations":[{"start":{"line":28,"column":8},"end":{"line":28,"column":8}},{"start":{"line":28,"column":8},"end":{"line":28,"column":8}}]},"3":{"line":29,"type":"if","locations":[{"start":{"line":29,"column":8},"end":{"line":29,"column":8}},{"start":{"line":29,"column":8},"end":{"line":29,"column":8}}]},"4":{"line":35,"type":"if","locations":[{"start":{"line":35,"column":42},"end":{"line":35,"column":42}},{"start":{"line":35,"column":42},"end":{"line":35,"column":42}}]},"5":{"line":36,"type":"if","locations":[{"start":{"line":36,"column":8},"end":{"line":36,"column":8}},{"start":{"line":36,"column":8},"end":{"line":36,"column":8}}]},"6":{"line":37,"type":"if","locations":[{"start":{"line":37,"column":8},"end":{"line":37,"column":8}},{"start":{"line":37,"column":8},"end":{"line":37,"column":8}}]},"7":{"line":43,"type":"if","locations":[{"start":{"line":43,"column":52},"end":{"line":43,"column":52}},{"start":{"line":43,"column":52},"end":{"line":43,"column":52}}]},"8":{"line":50,"type":"if","locations":[{"start":{"line":50,"column":53},"end":{"line":50,"column":53}},{"start":{"line":50,"column":53},"end":{"line":50,"column":53}}]},"9":{"line":58,"type":"if","locations":[{"start":{"line":58,"column":8},"end":{"line":58,"column":8}},{"start":{"line":58,"column":8},"end":{"line":58,"column":8}}]},"10":{"line":62,"type":"if","locations":[{"start":{"line":62,"column":8},"end":{"line":62,"column":8}},{"start":{"line":62,"column":8},"end":{"line":62,"column":8}}]},"11":{"line":72,"type":"if","locations":[{"start":{"line":72,"column":33},"end":{"line":72,"column":33}},{"start":{"line":72,"column":33},"end":{"line":72,"column":33}}]},"12":{"line":75,"type":"if","locations":[{"start":{"line":75,"column":8},"end":{"line":75,"column":8}},{"start":{"line":75,"column":8},"end":{"line":75,"column":8}}]},"13":{"line":79,"type":"if","locations":[{"start":{"line":79,"column":8},"end":{"line":79,"column":8}},{"start":{"line":79,"column":8},"end":{"line":79,"column":8}}]},"14":{"line":82,"type":"if","locations":[{"start":{"line":82,"column":8},"end":{"line":82,"column":8}},{"start":{"line":82,"column":8},"end":{"line":82,"column":8}}]},"15":{"line":88,"type":"if","locations":[{"start":{"line":88,"column":8},"end":{"line":88,"column":8}},{"start":{"line":88,"column":8},"end":{"line":88,"column":8}}]},"16":{"line":95,"type":"if","locations":[{"start":{"line":95,"column":8},"end":{"line":95,"column":8}},{"start":{"line":95,"column":8},"end":{"line":95,"column":8}}]},"17":{"line":99,"type":"if","locations":[{"start":{"line":99,"column":77},"end":{"line":99,"column":77}},{"start":{"line":99,"column":77},"end":{"line":99,"column":77}}]},"18":{"line":105,"type":"if","locations":[{"start":{"line":105,"column":78},"end":{"line":105,"column":78}},{"start":{"line":105,"column":78},"end":{"line":105,"column":78}}]},"19":{"line":106,"type":"if","locations":[{"start":{"line":106,"column":8},"end":{"line":106,"column":8}},{"start":{"line":106,"column":8},"end":{"line":106,"column":8}}]},"20":{"line":108,"type":"if","locations":[{"start":{"line":108,"column":8},"end":{"line":108,"column":8}},{"start":{"line":108,"column":8},"end":{"line":108,"column":8}}]},"21":{"line":114,"type":"if","locations":[{"start":{"line":114,"column":90},"end":{"line":114,"column":90}},{"start":{"line":114,"column":90},"end":{"line":114,"column":90}}]},"22":{"line":120,"type":"if","locations":[{"start":{"line":120,"column":8},"end":{"line":120,"column":8}},{"start":{"line":120,"column":8},"end":{"line":120,"column":8}}]},"23":{"line":121,"type":"if","locations":[{"start":{"line":121,"column":8},"end":{"line":121,"column":8}},{"start":{"line":121,"column":8},"end":{"line":121,"column":8}}]}}}}
