{
"contracts\\MyToken.sol":{"l":{"15":23,"27":3,"28":2,"30":1,"35":3,"36":2,"38":1,"43":1,"44":1,"50":1,"51":1,"57":11,"58":10,"61":10,"63":8,"66":2,"73":2,"77":6,"80":5,"83":4,"86":4,"87":1,"92":3,"98":5,"106":6,"113":3,"118":52,"119":51,"120":50},"path":"C:\\Users\\julya\\Desktop\\solidity\\metana-bootcamp\\module-4\\Partial Refund\\contracts\\MyToken.sol","s":{"1":23,"2":3,"3":2,"4":3,"5":2,"6":1,"7":1,"8":11,"9":10,"10":10,"11":8,"12":2,"13":2,"14":6,"15":5,"16":4,"17":4,"18":3,"19":5,"20":6,"21":1,"22":5,"23":3,"24":52,"25":51,"26":50},"b":{"1":[3,1],"2":[2,1],"3":[1,1],"4":[3,1],"5":[2,1],"6":[1,1],"7":[1,1],"8":[1,1],"9":[10,1],"10":[8,2],"11":[2,1],"12":[5,1],"13":[4,1],"14":[1,3],"15":[5,1],"16":[6,1],"17":[1,5],"18":[3,1],"19":[51,1],"20":[50,1]},"f":{"1":23,"2":3,"3":3,"4":1,"5":1,"6":11,"7":2,"8":6,"9":5,"10":6,"11":3,"12":52},"fnMap":{"1":{"name":"constructor","line":14,"loc":{"start":{"line":14,"column":4},"end":{"line":16,"column":4}}},"2":{"name":"ban","line":26,"loc":{"start":{"line":26,"column":4},"end":{"line":31,"column":4}}},"3":{"name":"unban","line":34,"loc":{"start":{"line":34,"column":4},"end":{"line":39,"column":4}}},"4":{"name":"setBuyPrice","line":42,"loc":{"start":{"line":42,"column":4},"end":{"line":47,"column":4}}},"5":{"name":"setSellPrice","line":49,"loc":{"start":{"line":49,"column":4},"end":{"line":54,"column":4}}},"6":{"name":"buy","line":56,"loc":{"start":{"line":56,"column":4},"end":{"line":68,"column":4}}},"7":{"name":"withdraw","line":71,"loc":{"start":{"line":71,"column":4},"end":{"line":74,"column":4}}},"8":{"name":"sellBack","line":76,"loc":{"start":{"line":76,"column":4},"end":{"line":94,"column":4}}},"9":{"name":"mintTokensToAddress","line":97,"loc":{"start":{"line":97,"column":4},"end":{"line":99,"column":4}}},"10":{"name":"changeBalanceAtAddress","line":103,"loc":{"start":{"line":103,"column":4},"end":{"line":108,"column":4}}},"11":{"name":"authoritativeTransferFrom","line":112,"loc":{"start":{"line":112,"column":4},"end":{"line":114,"column":4}}},"12":{"name":"_update","line":117,"loc":{"start":{"line":117,"column":4},"end":{"line":121,"column":4}}}},"statementMap":{"1":{"start":{"line":15,"column":8},"end":{"line":15,"column":37}},"2":{"start":{"line":27,"column":8},"end":{"line":27,"column":54}},"3":{"start":{"line":28,"column":8},"end":{"line":28,"column":53}},"4":{"start":{"line":35,"column":8},"end":{"line":35,"column":53}},"5":{"start":{"line":36,"column":8},"end":{"line":36,"column":53}},"6":{"start":{"line":43,"column":8},"end":{"line":43,"column":46}},"7":{"start":{"line":50,"column":8},"end":{"line":50,"column":53}},"8":{"start":{"line":57,"column":8},"end":{"line":57,"column":67}},"9":{"start":{"line":58,"column":8},"end":{"line":58,"column":54}},"10":{"start":{"line":61,"column":8},"end":{"line":61,"column":2295}},"11":{"start":{"line":63,"column":12},"end":{"line":63,"column":60}},"12":{"start":{"line":66,"column":12},"end":{"line":66,"column":41}},"13":{"start":{"line":73,"column":8},"end":{"line":73,"column":76}},"14":{"start":{"line":77,"column":8},"end":{"line":77,"column":69}},"15":{"start":{"line":80,"column":8},"end":{"line":80,"column":47}},"16":{"start":{"line":83,"column":8},"end":{"line":83,"column":64}},"17":{"start":{"line":86,"column":8},"end":{"line":86,"column":3328}},"18":{"start":{"line":92,"column":8},"end":{"line":92,"column":72}},"19":{"start":{"line":98,"column":8},"end":{"line":98,"column":31}},"20":{"start":{"line":106,"column":8},"end":{"line":106,"column":4030}},"21":{"start":{"line":106,"column":26},"end":{"line":106,"column":58}},"22":{"start":{"line":107,"column":13},"end":{"line":107,"column":44}},"23":{"start":{"line":113,"column":8},"end":{"line":113,"column":34}},"24":{"start":{"line":118,"column":8},"end":{"line":118,"column":53}},"25":{"start":{"line":119,"column":8},"end":{"line":119,"column":49}},"26":{"start":{"line":120,"column":8},"end":{"line":120,"column":38}}},"branchMap":{"1":{"line":26,"type":"if","locations":[{"start":{"line":26,"column":40},"end":{"line":26,"column":40}},{"start":{"line":26,"column":40},"end":{"line":26,"column":40}}]},"2":{"line":27,"type":"if","locations":[{"start":{"line":27,"column":8},"end":{"line":27,"column":8}},{"start":{"line":27,"column":8},"end":{"line":27,"column":8}}]},"3":{"line":28,"type":"if","locations":[{"start":{"line":28,"column":8},"end":{"line":28,"column":8}},{"start":{"line":28,"column":8},"end":{"line":28,"column":8}}]},"4":{"line":34,"type":"if","locations":[{"start":{"line":34,"column":42},"end":{"line":34,"column":42}},{"start":{"line":34,"column":42},"end":{"line":34,"column":42}}]},"5":{"line":35,"type":"if","locations":[{"start":{"line":35,"column":8},"end":{"line":35,"column":8}},{"start":{"line":35,"column":8},"end":{"line":35,"column":8}}]},"6":{"line":36,"type":"if","locations":[{"start":{"line":36,"column":8},"end":{"line":36,"column":8}},{"start":{"line":36,"column":8},"end":{"line":36,"column":8}}]},"7":{"line":42,"type":"if","locations":[{"start":{"line":42,"column":52},"end":{"line":42,"column":52}},{"start":{"line":42,"column":52},"end":{"line":42,"column":52}}]},"8":{"line":49,"type":"if","locations":[{"start":{"line":49,"column":53},"end":{"line":49,"column":53}},{"start":{"line":49,"column":53},"end":{"line":49,"column":53}}]},"9":{"line":57,"type":"if","locations":[{"start":{"line":57,"column":8},"end":{"line":57,"column":8}},{"start":{"line":57,"column":8},"end":{"line":57,"column":8}}]},"10":{"line":61,"type":"if","locations":[{"start":{"line":61,"column":8},"end":{"line":61,"column":8}},{"start":{"line":61,"column":8},"end":{"line":61,"column":8}}]},"11":{"line":71,"type":"if","locations":[{"start":{"line":71,"column":33},"end":{"line":71,"column":33}},{"start":{"line":71,"column":33},"end":{"line":71,"column":33}}]},"12":{"line":77,"type":"if","locations":[{"start":{"line":77,"column":8},"end":{"line":77,"column":8}},{"start":{"line":77,"column":8},"end":{"line":77,"column":8}}]},"13":{"line":80,"type":"if","locations":[{"start":{"line":80,"column":8},"end":{"line":80,"column":8}},{"start":{"line":80,"column":8},"end":{"line":80,"column":8}}]},"14":{"line":86,"type":"if","locations":[{"start":{"line":86,"column":8},"end":{"line":86,"column":8}},{"start":{"line":86,"column":8},"end":{"line":86,"column":8}}]},"15":{"line":97,"type":"if","locations":[{"start":{"line":97,"column":77},"end":{"line":97,"column":77}},{"start":{"line":97,"column":77},"end":{"line":97,"column":77}}]},"16":{"line":103,"type":"if","locations":[{"start":{"line":103,"column":78},"end":{"line":103,"column":78}},{"start":{"line":103,"column":78},"end":{"line":103,"column":78}}]},"17":{"line":106,"type":"if","locations":[{"start":{"line":106,"column":8},"end":{"line":106,"column":8}},{"start":{"line":106,"column":8},"end":{"line":106,"column":8}}]},"18":{"line":112,"type":"if","locations":[{"start":{"line":112,"column":90},"end":{"line":112,"column":90}},{"start":{"line":112,"column":90},"end":{"line":112,"column":90}}]},"19":{"line":118,"type":"if","locations":[{"start":{"line":118,"column":8},"end":{"line":118,"column":8}},{"start":{"line":118,"column":8},"end":{"line":118,"column":8}}]},"20":{"line":119,"type":"if","locations":[{"start":{"line":119,"column":8},"end":{"line":119,"column":8}},{"start":{"line":119,"column":8},"end":{"line":119,"column":8}}]}}}}
