TN:
SF:C:\Users\julya\Desktop\solidity\metana-bootcamp\module-4\Partial Refund\contracts\MyToken.sol
FN:15,constructor
FN:27,ban
FN:35,unban
FN:43,setBuyPrice
FN:50,setSellPrice
FN:57,buy
FN:72,withdraw
FN:78,sellBack
FN:99,mintTokensToAddress
FN:105,changeBalanceAtAddress
FN:114,authoritativeTransferFrom
FN:119,_update
FNF:12
FNH:12
FNDA:23,constructor
FNDA:3,ban
FNDA:3,unban
FNDA:1,setBuyPrice
FNDA:1,setSellPrice
FNDA:11,buy
FNDA:2,withdraw
FNDA:6,sellBack
FNDA:5,mintTokensToAddress
FNDA:6,changeBalanceAtAddress
FNDA:3,authoritativeTransferFrom
FNDA:50,_update
DA:16,23
DA:28,3
DA:29,2
DA:31,1
DA:36,3
DA:37,2
DA:39,1
DA:44,1
DA:45,1
DA:47,1
DA:51,1
DA:52,1
DA:54,1
DA:58,11
DA:59,10
DA:62,10
DA:64,8
DA:67,2
DA:74,2
DA:75,2
DA:79,6
DA:82,5
DA:85,4
DA:88,4
DA:89,1
DA:94,3
DA:95,3
DA:100,5
DA:106,6
DA:108,4
DA:115,3
DA:120,50
DA:121,49
DA:122,48
LF:34
LH:34
BRDA:27,1,0,3
BRDA:27,1,1,1
BRDA:28,2,0,2
BRDA:28,2,1,1
BRDA:29,3,0,1
BRDA:29,3,1,1
BRDA:35,4,0,3
BRDA:35,4,1,1
BRDA:36,5,0,2
BRDA:36,5,1,1
BRDA:37,6,0,1
BRDA:37,6,1,1
BRDA:43,7,0,1
BRDA:43,7,1,1
BRDA:50,8,0,1
BRDA:50,8,1,1
BRDA:58,9,0,10
BRDA:58,9,1,1
BRDA:62,10,0,8
BRDA:62,10,1,2
BRDA:72,11,0,2
BRDA:72,11,1,1
BRDA:75,12,0,2
BRDA:75,12,1,0
BRDA:79,13,0,5
BRDA:79,13,1,1
BRDA:82,14,0,4
BRDA:82,14,1,1
BRDA:88,15,0,1
BRDA:88,15,1,3
BRDA:95,16,0,3
BRDA:95,16,1,0
BRDA:99,17,0,5
BRDA:99,17,1,1
BRDA:105,18,0,6
BRDA:105,18,1,1
BRDA:106,19,0,2
BRDA:106,19,1,4
BRDA:108,20,0,1
BRDA:108,20,1,3
BRDA:114,21,0,3
BRDA:114,21,1,1
BRDA:120,22,0,49
BRDA:120,22,1,1
BRDA:121,23,0,48
BRDA:121,23,1,1
BRF:46
BRH:44
end_of_record
