{"contracts\\ERC1155.sol":{"l":{"41":55,"45":126,"46":73,"47":3,"49":70,"51":53,"52":4,"55":119,"56":119,"61":20,"62":7,"63":13,"64":1,"66":12,"67":12,"68":12,"73":17,"74":16,"78":17,"80":16,"81":1,"84":16,"85":16,"90":0,"95":1},"path":"C:\\Users\\julya\\Desktop\\solidity\\metana-bootcamp\\module-4\\Forge\\contracts\\ERC1155.sol","s":{"1":55,"2":126,"3":73,"4":53,"5":119,"6":119,"7":20,"8":13,"9":12,"10":12,"11":12,"12":17,"13":16,"14":17,"15":16,"16":1,"17":16,"18":0,"19":1},"b":{"1":[73,53],"2":[3,70],"3":[4,49],"4":[7,13],"5":[1,12],"6":[16,1],"7":[1,15]},"f":{"1":55,"2":126,"3":20,"4":17,"5":17,"6":0,"7":1},"fnMap":{"1":{"name":"constructor","line":40,"loc":{"start":{"line":39,"column":4},"end":{"line":42,"column":4}}},"2":{"name":"mint","line":44,"loc":{"start":{"line":44,"column":5},"end":{"line":57,"column":4}}},"3":{"name":"tradeToken","line":60,"loc":{"start":{"line":60,"column":4},"end":{"line":69,"column":4}}},"4":{"name":"burn","line":72,"loc":{"start":{"line":72,"column":4},"end":{"line":75,"column":4}}},"5":{"name":"setForgingContract","line":77,"loc":{"start":{"line":77,"column":4},"end":{"line":86,"column":4}}},"6":{"name":"supportsInterface","line":89,"loc":{"start":{"line":89,"column":4},"end":{"line":91,"column":4}}},"7":{"name":"getLastMintTimestamp","line":94,"loc":{"start":{"line":94,"column":4},"end":{"line":96,"column":4}}}},"statementMap":{"1":{"start":{"line":41,"column":8},"end":{"line":41,"column":49}},"2":{"start":{"line":45,"column":8},"end":{"line":45,"column":1530}},"3":{"start":{"line":46,"column":12},"end":{"line":46,"column":1616}},"4":{"start":{"line":51,"column":12},"end":{"line":51,"column":1852}},"5":{"start":{"line":55,"column":8},"end":{"line":55,"column":42}},"6":{"start":{"line":56,"column":8},"end":{"line":56,"column":48}},"7":{"start":{"line":61,"column":8},"end":{"line":61,"column":2167}},"8":{"start":{"line":63,"column":8},"end":{"line":63,"column":2266}},"9":{"start":{"line":66,"column":8},"end":{"line":66,"column":41}},"10":{"start":{"line":67,"column":8},"end":{"line":67,"column":45}},"11":{"start":{"line":68,"column":8},"end":{"line":68,"column":62}},"12":{"start":{"line":73,"column":8},"end":{"line":73,"column":38}},"13":{"start":{"line":74,"column":8},"end":{"line":74,"column":45}},"14":{"start":{"line":78,"column":8},"end":{"line":78,"column":71}},"15":{"start":{"line":80,"column":8},"end":{"line":80,"column":2849}},"16":{"start":{"line":81,"column":12},"end":{"line":81,"column":53}},"17":{"start":{"line":85,"column":8},"end":{"line":85,"column":48}},"18":{"start":{"line":90,"column":8},"end":{"line":90,"column":51}},"19":{"start":{"line":95,"column":8},"end":{"line":95,"column":48}}},"branchMap":{"1":{"line":45,"type":"if","locations":[{"start":{"line":45,"column":8},"end":{"line":45,"column":8}},{"start":{"line":45,"column":8},"end":{"line":45,"column":8}}]},"2":{"line":46,"type":"if","locations":[{"start":{"line":46,"column":12},"end":{"line":46,"column":12}},{"start":{"line":46,"column":12},"end":{"line":46,"column":12}}]},"3":{"line":51,"type":"if","locations":[{"start":{"line":51,"column":12},"end":{"line":51,"column":12}},{"start":{"line":51,"column":12},"end":{"line":51,"column":12}}]},"4":{"line":61,"type":"if","locations":[{"start":{"line":61,"column":8},"end":{"line":61,"column":8}},{"start":{"line":61,"column":8},"end":{"line":61,"column":8}}]},"5":{"line":63,"type":"if","locations":[{"start":{"line":63,"column":8},"end":{"line":63,"column":8}},{"start":{"line":63,"column":8},"end":{"line":63,"column":8}}]},"6":{"line":78,"type":"if","locations":[{"start":{"line":78,"column":8},"end":{"line":78,"column":8}},{"start":{"line":78,"column":8},"end":{"line":78,"column":8}}]},"7":{"line":80,"type":"if","locations":[{"start":{"line":80,"column":8},"end":{"line":80,"column":8}},{"start":{"line":80,"column":8},"end":{"line":80,"column":8}}]}}},"contracts\\Forge.sol":{"l":{"32":13,"40":3,"41":1,"43":2,"44":1,"47":1,"48":1,"49":1,"51":1,"59":3,"60":1,"62":2,"63":1,"66":1,"67":1,"68":1,"70":1,"78":3,"79":1,"81":2,"82":1,"85":1,"86":1,"87":1,"89":1,"97":3,"98":1,"100":2,"101":1,"103":1,"104":0,"107":1,"108":1,"109":1,"110":1,"112":1},"path":"C:\\Users\\julya\\Desktop\\solidity\\metana-bootcamp\\module-4\\Forge\\contracts\\Forge.sol","s":{"1":3,"2":2,"3":1,"4":1,"5":1,"6":1,"7":3,"8":2,"9":1,"10":1,"11":1,"12":1,"13":3,"14":2,"15":1,"16":1,"17":1,"18":1,"19":3,"20":2,"21":1,"22":1,"23":1,"24":1,"25":1,"26":1},"b":{"1":[1,2],"2":[1,1],"3":[1,2],"4":[1,1],"5":[1,2],"6":[1,1],"7":[1,2],"8":[1,1],"9":[0,1]},"f":{"1":13,"2":3,"3":3,"4":3,"5":3},"fnMap":{"1":{"name":"constructor","line":31,"loc":{"start":{"line":31,"column":4},"end":{"line":33,"column":4}}},"2":{"name":"forgeToken3","line":39,"loc":{"start":{"line":39,"column":4},"end":{"line":52,"column":4}}},"3":{"name":"forgeToken4","line":58,"loc":{"start":{"line":58,"column":4},"end":{"line":71,"column":4}}},"4":{"name":"forgeToken5","line":77,"loc":{"start":{"line":77,"column":4},"end":{"line":90,"column":4}}},"5":{"name":"forgeToken6","line":96,"loc":{"start":{"line":96,"column":4},"end":{"line":113,"column":4}}}},"statementMap":{"1":{"start":{"line":40,"column":8},"end":{"line":40,"column":1307}},"2":{"start":{"line":43,"column":8},"end":{"line":43,"column":1439}},"3":{"start":{"line":47,"column":8},"end":{"line":47,"column":61}},"4":{"start":{"line":48,"column":8},"end":{"line":48,"column":61}},"5":{"start":{"line":49,"column":8},"end":{"line":49,"column":61}},"6":{"start":{"line":51,"column":8},"end":{"line":51,"column":57}},"7":{"start":{"line":59,"column":8},"end":{"line":59,"column":2021}},"8":{"start":{"line":62,"column":8},"end":{"line":62,"column":2153}},"9":{"start":{"line":66,"column":8},"end":{"line":66,"column":61}},"10":{"start":{"line":67,"column":8},"end":{"line":67,"column":61}},"11":{"start":{"line":68,"column":8},"end":{"line":68,"column":61}},"12":{"start":{"line":70,"column":8},"end":{"line":70,"column":57}},"13":{"start":{"line":78,"column":8},"end":{"line":78,"column":2735}},"14":{"start":{"line":81,"column":8},"end":{"line":81,"column":2867}},"15":{"start":{"line":85,"column":8},"end":{"line":85,"column":61}},"16":{"start":{"line":86,"column":8},"end":{"line":86,"column":61}},"17":{"start":{"line":87,"column":8},"end":{"line":87,"column":61}},"18":{"start":{"line":89,"column":8},"end":{"line":89,"column":57}},"19":{"start":{"line":97,"column":8},"end":{"line":97,"column":3453}},"20":{"start":{"line":100,"column":8},"end":{"line":100,"column":3585}},"21":{"start":{"line":103,"column":8},"end":{"line":103,"column":3717}},"22":{"start":{"line":107,"column":8},"end":{"line":107,"column":61}},"23":{"start":{"line":108,"column":8},"end":{"line":108,"column":61}},"24":{"start":{"line":109,"column":8},"end":{"line":109,"column":61}},"25":{"start":{"line":110,"column":8},"end":{"line":110,"column":61}},"26":{"start":{"line":112,"column":8},"end":{"line":112,"column":57}}},"branchMap":{"1":{"line":40,"type":"if","locations":[{"start":{"line":40,"column":8},"end":{"line":40,"column":8}},{"start":{"line":40,"column":8},"end":{"line":40,"column":8}}]},"2":{"line":43,"type":"if","locations":[{"start":{"line":43,"column":8},"end":{"line":43,"column":8}},{"start":{"line":43,"column":8},"end":{"line":43,"column":8}}]},"3":{"line":59,"type":"if","locations":[{"start":{"line":59,"column":8},"end":{"line":59,"column":8}},{"start":{"line":59,"column":8},"end":{"line":59,"column":8}}]},"4":{"line":62,"type":"if","locations":[{"start":{"line":62,"column":8},"end":{"line":62,"column":8}},{"start":{"line":62,"column":8},"end":{"line":62,"column":8}}]},"5":{"line":78,"type":"if","locations":[{"start":{"line":78,"column":8},"end":{"line":78,"column":8}},{"start":{"line":78,"column":8},"end":{"line":78,"column":8}}]},"6":{"line":81,"type":"if","locations":[{"start":{"line":81,"column":8},"end":{"line":81,"column":8}},{"start":{"line":81,"column":8},"end":{"line":81,"column":8}}]},"7":{"line":97,"type":"if","locations":[{"start":{"line":97,"column":8},"end":{"line":97,"column":8}},{"start":{"line":97,"column":8},"end":{"line":97,"column":8}}]},"8":{"line":100,"type":"if","locations":[{"start":{"line":100,"column":8},"end":{"line":100,"column":8}},{"start":{"line":100,"column":8},"end":{"line":100,"column":8}}]},"9":{"line":103,"type":"if","locations":[{"start":{"line":103,"column":8},"end":{"line":103,"column":8}},{"start":{"line":103,"column":8},"end":{"line":103,"column":8}}]}}}}