{"contracts\\ERC1155.sol":{"l":{"41":0,"45":0,"46":0,"47":0,"49":0,"51":0,"52":0,"55":0,"56":0,"61":0,"62":0,"63":0,"64":0,"66":0,"67":0,"68":0,"73":0,"74":0,"78":0,"80":0,"81":0,"84":0,"85":0,"90":0,"95":0},"path":"C:\\Users\\julya\\Desktop\\solidity\\metana-bootcamp\\module-4\\Forge\\contracts\\ERC1155.sol","s":{"1":0,"2":0,"3":0,"4":0,"5":0,"6":0,"7":0,"8":0,"9":0,"10":0,"11":0,"12":0,"13":0,"14":0,"15":0,"16":0,"17":0,"18":0,"19":0},"b":{"1":[0,0],"2":[0,0],"3":[0,0],"4":[0,0],"5":[0,0],"6":[0,0],"7":[0,0]},"f":{"1":0,"2":0,"3":0,"4":0,"5":0,"6":0,"7":0},"fnMap":{"1":{"name":"constructor","line":40,"loc":{"start":{"line":39,"column":4},"end":{"line":42,"column":4}}},"2":{"name":"mint","line":44,"loc":{"start":{"line":44,"column":5},"end":{"line":57,"column":4}}},"3":{"name":"tradeToken","line":60,"loc":{"start":{"line":60,"column":4},"end":{"line":69,"column":4}}},"4":{"name":"burn","line":72,"loc":{"start":{"line":72,"column":4},"end":{"line":75,"column":4}}},"5":{"name":"setForgingContract","line":77,"loc":{"start":{"line":77,"column":4},"end":{"line":86,"column":4}}},"6":{"name":"supportsInterface","line":89,"loc":{"start":{"line":89,"column":4},"end":{"line":91,"column":4}}},"7":{"name":"getLastMintTimestamp","line":94,"loc":{"start":{"line":94,"column":4},"end":{"line":96,"column":4}}}},"statementMap":{"1":{"start":{"line":41,"column":8},"end":{"line":41,"column":49}},"2":{"start":{"line":45,"column":8},"end":{"line":45,"column":1530}},"3":{"start":{"line":46,"column":12},"end":{"line":46,"column":1616}},"4":{"start":{"line":51,"column":12},"end":{"line":51,"column":1852}},"5":{"start":{"line":55,"column":8},"end":{"line":55,"column":42}},"6":{"start":{"line":56,"column":8},"end":{"line":56,"column":48}},"7":{"start":{"line":61,"column":8},"end":{"line":61,"column":2167}},"8":{"start":{"line":63,"column":8},"end":{"line":63,"column":2266}},"9":{"start":{"line":66,"column":8},"end":{"line":66,"column":41}},"10":{"start":{"line":67,"column":8},"end":{"line":67,"column":45}},"11":{"start":{"line":68,"column":8},"end":{"line":68,"column":62}},"12":{"start":{"line":73,"column":8},"end":{"line":73,"column":38}},"13":{"start":{"line":74,"column":8},"end":{"line":74,"column":45}},"14":{"start":{"line":78,"column":8},"end":{"line":78,"column":71}},"15":{"start":{"line":80,"column":8},"end":{"line":80,"column":2849}},"16":{"start":{"line":81,"column":12},"end":{"line":81,"column":53}},"17":{"start":{"line":85,"column":8},"end":{"line":85,"column":48}},"18":{"start":{"line":90,"column":8},"end":{"line":90,"column":51}},"19":{"start":{"line":95,"column":8},"end":{"line":95,"column":48}}},"branchMap":{"1":{"line":45,"type":"if","locations":[{"start":{"line":45,"column":8},"end":{"line":45,"column":8}},{"start":{"line":45,"column":8},"end":{"line":45,"column":8}}]},"2":{"line":46,"type":"if","locations":[{"start":{"line":46,"column":12},"end":{"line":46,"column":12}},{"start":{"line":46,"column":12},"end":{"line":46,"column":12}}]},"3":{"line":51,"type":"if","locations":[{"start":{"line":51,"column":12},"end":{"line":51,"column":12}},{"start":{"line":51,"column":12},"end":{"line":51,"column":12}}]},"4":{"line":61,"type":"if","locations":[{"start":{"line":61,"column":8},"end":{"line":61,"column":8}},{"start":{"line":61,"column":8},"end":{"line":61,"column":8}}]},"5":{"line":63,"type":"if","locations":[{"start":{"line":63,"column":8},"end":{"line":63,"column":8}},{"start":{"line":63,"column":8},"end":{"line":63,"column":8}}]},"6":{"line":78,"type":"if","locations":[{"start":{"line":78,"column":8},"end":{"line":78,"column":8}},{"start":{"line":78,"column":8},"end":{"line":78,"column":8}}]},"7":{"line":80,"type":"if","locations":[{"start":{"line":80,"column":8},"end":{"line":80,"column":8}},{"start":{"line":80,"column":8},"end":{"line":80,"column":8}}]}}},"contracts\\Forge.sol":{"l":{"32":0,"40":0,"41":0,"43":0,"44":0,"47":0,"48":0,"49":0,"51":0,"59":0,"60":0,"62":0,"63":0,"66":0,"67":0,"68":0,"70":0,"78":0,"79":0,"81":0,"82":0,"85":0,"86":0,"87":0,"89":0,"97":0,"98":0,"100":0,"101":0,"103":0,"104":0,"107":0,"108":0,"109":0,"110":0,"112":0},"path":"C:\\Users\\julya\\Desktop\\solidity\\metana-bootcamp\\module-4\\Forge\\contracts\\Forge.sol","s":{"1":0,"2":0,"3":0,"4":0,"5":0,"6":0,"7":0,"8":0,"9":0,"10":0,"11":0,"12":0,"13":0,"14":0,"15":0,"16":0,"17":0,"18":0,"19":0,"20":0,"21":0,"22":0,"23":0,"24":0,"25":0,"26":0},"b":{"1":[0,0],"2":[0,0],"3":[0,0],"4":[0,0],"5":[0,0],"6":[0,0],"7":[0,0],"8":[0,0],"9":[0,0]},"f":{"1":0,"2":0,"3":0,"4":0,"5":0},"fnMap":{"1":{"name":"constructor","line":31,"loc":{"start":{"line":31,"column":4},"end":{"line":33,"column":4}}},"2":{"name":"forgeToken3","line":39,"loc":{"start":{"line":39,"column":4},"end":{"line":52,"column":4}}},"3":{"name":"forgeToken4","line":58,"loc":{"start":{"line":58,"column":4},"end":{"line":71,"column":4}}},"4":{"name":"forgeToken5","line":77,"loc":{"start":{"line":77,"column":4},"end":{"line":90,"column":4}}},"5":{"name":"forgeToken6","line":96,"loc":{"start":{"line":96,"column":4},"end":{"line":113,"column":4}}}},"statementMap":{"1":{"start":{"line":40,"column":8},"end":{"line":40,"column":1307}},"2":{"start":{"line":43,"column":8},"end":{"line":43,"column":1439}},"3":{"start":{"line":47,"column":8},"end":{"line":47,"column":61}},"4":{"start":{"line":48,"column":8},"end":{"line":48,"column":61}},"5":{"start":{"line":49,"column":8},"end":{"line":49,"column":61}},"6":{"start":{"line":51,"column":8},"end":{"line":51,"column":57}},"7":{"start":{"line":59,"column":8},"end":{"line":59,"column":2021}},"8":{"start":{"line":62,"column":8},"end":{"line":62,"column":2153}},"9":{"start":{"line":66,"column":8},"end":{"line":66,"column":61}},"10":{"start":{"line":67,"column":8},"end":{"line":67,"column":61}},"11":{"start":{"line":68,"column":8},"end":{"line":68,"column":61}},"12":{"start":{"line":70,"column":8},"end":{"line":70,"column":57}},"13":{"start":{"line":78,"column":8},"end":{"line":78,"column":2735}},"14":{"start":{"line":81,"column":8},"end":{"line":81,"column":2867}},"15":{"start":{"line":85,"column":8},"end":{"line":85,"column":61}},"16":{"start":{"line":86,"column":8},"end":{"line":86,"column":61}},"17":{"start":{"line":87,"column":8},"end":{"line":87,"column":61}},"18":{"start":{"line":89,"column":8},"end":{"line":89,"column":57}},"19":{"start":{"line":97,"column":8},"end":{"line":97,"column":3453}},"20":{"start":{"line":100,"column":8},"end":{"line":100,"column":3585}},"21":{"start":{"line":103,"column":8},"end":{"line":103,"column":3717}},"22":{"start":{"line":107,"column":8},"end":{"line":107,"column":61}},"23":{"start":{"line":108,"column":8},"end":{"line":108,"column":61}},"24":{"start":{"line":109,"column":8},"end":{"line":109,"column":61}},"25":{"start":{"line":110,"column":8},"end":{"line":110,"column":61}},"26":{"start":{"line":112,"column":8},"end":{"line":112,"column":57}}},"branchMap":{"1":{"line":40,"type":"if","locations":[{"start":{"line":40,"column":8},"end":{"line":40,"column":8}},{"start":{"line":40,"column":8},"end":{"line":40,"column":8}}]},"2":{"line":43,"type":"if","locations":[{"start":{"line":43,"column":8},"end":{"line":43,"column":8}},{"start":{"line":43,"column":8},"end":{"line":43,"column":8}}]},"3":{"line":59,"type":"if","locations":[{"start":{"line":59,"column":8},"end":{"line":59,"column":8}},{"start":{"line":59,"column":8},"end":{"line":59,"column":8}}]},"4":{"line":62,"type":"if","locations":[{"start":{"line":62,"column":8},"end":{"line":62,"column":8}},{"start":{"line":62,"column":8},"end":{"line":62,"column":8}}]},"5":{"line":78,"type":"if","locations":[{"start":{"line":78,"column":8},"end":{"line":78,"column":8}},{"start":{"line":78,"column":8},"end":{"line":78,"column":8}}]},"6":{"line":81,"type":"if","locations":[{"start":{"line":81,"column":8},"end":{"line":81,"column":8}},{"start":{"line":81,"column":8},"end":{"line":81,"column":8}}]},"7":{"line":97,"type":"if","locations":[{"start":{"line":97,"column":8},"end":{"line":97,"column":8}},{"start":{"line":97,"column":8},"end":{"line":97,"column":8}}]},"8":{"line":100,"type":"if","locations":[{"start":{"line":100,"column":8},"end":{"line":100,"column":8}},{"start":{"line":100,"column":8},"end":{"line":100,"column":8}}]},"9":{"line":103,"type":"if","locations":[{"start":{"line":103,"column":8},"end":{"line":103,"column":8}},{"start":{"line":103,"column":8},"end":{"line":103,"column":8}}]}}}}