TN:
SF:C:\Users\julya\Desktop\solidity\metana-bootcamp\module-4\Partial Refund\contracts\MyToken.sol
FN:15,constructor
FN:27,ban
FN:35,unban
FN:43,setBuyPrice
FN:50,setSellPrice
FN:57,buy
FN:72,withdraw
FN:77,sellBack
FN:98,mintTokensToAddress
FN:104,changeBalanceAtAddress
FN:113,authoritativeTransferFrom
FN:118,_update
FNF:12
FNH:12
FNDA:23,constructor
FNDA:3,ban
FNDA:3,unban
FNDA:1,setBuyPrice
FNDA:1,setSellPrice
FNDA:11,buy
FNDA:2,withdraw
FNDA:6,sellBack
FNDA:5,mintTokensToAddress
FNDA:6,changeBalanceAtAddress
FNDA:3,authoritativeTransferFrom
FNDA:50,_update
DA:16,23
DA:28,3
DA:29,2
DA:31,1
DA:36,3
DA:37,2
DA:39,1
DA:44,1
DA:45,1
DA:47,1
DA:51,1
DA:52,1
DA:54,1
DA:58,11
DA:59,10
DA:62,10
DA:64,8
DA:67,2
DA:74,2
DA:78,6
DA:81,5
DA:84,4
DA:87,4
DA:88,1
DA:93,3
DA:99,5
DA:105,6
DA:107,4
DA:114,3
DA:119,50
DA:120,49
DA:121,48
LF:32
LH:32
BRDA:27,1,0,3
BRDA:27,1,1,1
BRDA:28,2,0,2
BRDA:28,2,1,1
BRDA:29,3,0,1
BRDA:29,3,1,1
BRDA:35,4,0,3
BRDA:35,4,1,1
BRDA:36,5,0,2
BRDA:36,5,1,1
BRDA:37,6,0,1
BRDA:37,6,1,1
BRDA:43,7,0,1
BRDA:43,7,1,1
BRDA:50,8,0,1
BRDA:50,8,1,1
BRDA:58,9,0,10
BRDA:58,9,1,1
BRDA:62,10,0,8
BRDA:62,10,1,2
BRDA:72,11,0,2
BRDA:72,11,1,1
BRDA:78,12,0,5
BRDA:78,12,1,1
BRDA:81,13,0,4
BRDA:81,13,1,1
BRDA:87,14,0,1
BRDA:87,14,1,3
BRDA:98,15,0,5
BRDA:98,15,1,1
BRDA:104,16,0,6
BRDA:104,16,1,1
BRDA:105,17,0,2
BRDA:105,17,1,4
BRDA:107,18,0,1
BRDA:107,18,1,3
BRDA:113,19,0,3
BRDA:113,19,1,1
BRDA:119,20,0,49
BRDA:119,20,1,1
BRDA:120,21,0,48
BRDA:120,21,1,1
BRF:42
BRH:42
end_of_record
