TN:
SF:C:\Users\julya\Desktop\solidity\metana-bootcamp\module-4\Partial Refund\contracts\MyToken.sol
FN:14,constructor
FN:26,ban
FN:34,unban
FN:42,setBuyPrice
FN:49,setSellPrice
FN:56,buy
FN:71,withdraw
FN:76,sellBack
FN:97,mintTokensToAddress
FN:103,changeBalanceAtAddress
FN:112,authoritativeTransferFrom
FN:117,_update
FNF:12
FNH:12
FNDA:23,constructor
FNDA:3,ban
FNDA:3,unban
FNDA:1,setBuyPrice
FNDA:1,setSellPrice
FNDA:11,buy
FNDA:2,withdraw
FNDA:6,sellBack
FNDA:5,mintTokensToAddress
FNDA:6,changeBalanceAtAddress
FNDA:3,authoritativeTransferFrom
FNDA:52,_update
DA:15,23
DA:27,3
DA:28,2
DA:30,1
DA:35,3
DA:36,2
DA:38,1
DA:43,1
DA:44,1
DA:50,1
DA:51,1
DA:57,11
DA:58,10
DA:61,10
DA:63,8
DA:66,2
DA:73,2
DA:77,6
DA:80,5
DA:83,4
DA:86,4
DA:87,1
DA:92,3
DA:98,5
DA:106,6
DA:113,3
DA:118,52
DA:119,51
DA:120,50
LF:29
LH:29
BRDA:26,1,0,3
BRDA:26,1,1,1
BRDA:27,2,0,2
BRDA:27,2,1,1
BRDA:28,3,0,1
BRDA:28,3,1,1
BRDA:34,4,0,3
BRDA:34,4,1,1
BRDA:35,5,0,2
BRDA:35,5,1,1
BRDA:36,6,0,1
BRDA:36,6,1,1
BRDA:42,7,0,1
BRDA:42,7,1,1
BRDA:49,8,0,1
BRDA:49,8,1,1
BRDA:57,9,0,10
BRDA:57,9,1,1
BRDA:61,10,0,8
BRDA:61,10,1,2
BRDA:71,11,0,2
BRDA:71,11,1,1
BRDA:77,12,0,5
BRDA:77,12,1,1
BRDA:80,13,0,4
BRDA:80,13,1,1
BRDA:86,14,0,1
BRDA:86,14,1,3
BRDA:97,15,0,5
BRDA:97,15,1,1
BRDA:103,16,0,6
BRDA:103,16,1,1
BRDA:106,17,0,1
BRDA:106,17,1,5
BRDA:112,18,0,3
BRDA:112,18,1,1
BRDA:118,19,0,51
BRDA:118,19,1,1
BRDA:119,20,0,50
BRDA:119,20,1,1
BRF:40
BRH:40
end_of_record
