{"contracts\\MyToken.sol":{"l":{"16":23,"28":3,"29":2,"31":1,"36":3,"37":2,"39":1,"44":1,"45":1,"47":1,"51":1,"52":1,"54":1,"58":11,"59":10,"62":10,"64":8,"67":2,"74":2,"78":6,"81":5,"84":4,"87":4,"88":1,"93":3,"99":5,"105":6,"107":4,"114":3,"119":50,"120":49,"121":48},"path":"C:\\Users\\julya\\Desktop\\solidity\\metana-bootcamp\\module-4\\Partial Refund\\contracts\\MyToken.sol","s":{"1":23,"2":3,"3":2,"4":3,"5":2,"6":1,"7":1,"8":1,"9":1,"10":11,"11":10,"12":10,"13":8,"14":2,"15":2,"16":6,"17":5,"18":4,"19":4,"20":3,"21":5,"22":6,"23":2,"24":4,"25":1,"26":3,"27":3,"28":50,"29":49,"30":48},"b":{"1":[3,1],"2":[2,1],"3":[1,1],"4":[3,1],"5":[2,1],"6":[1,1],"7":[1,1],"8":[1,1],"9":[10,1],"10":[8,2],"11":[2,1],"12":[5,1],"13":[4,1],"14":[1,3],"15":[5,1],"16":[6,1],"17":[2,4],"18":[1,3],"19":[3,1],"20":[49,1],"21":[48,1]},"f":{"1":23,"2":3,"3":3,"4":1,"5":1,"6":11,"7":2,"8":6,"9":5,"10":6,"11":3,"12":50},"fnMap":{"1":{"name":"constructor","line":15,"loc":{"start":{"line":15,"column":4},"end":{"line":17,"column":4}}},"2":{"name":"ban","line":27,"loc":{"start":{"line":27,"column":4},"end":{"line":32,"column":4}}},"3":{"name":"unban","line":35,"loc":{"start":{"line":35,"column":4},"end":{"line":40,"column":4}}},"4":{"name":"setBuyPrice","line":43,"loc":{"start":{"line":43,"column":4},"end":{"line":48,"column":4}}},"5":{"name":"setSellPrice","line":50,"loc":{"start":{"line":50,"column":4},"end":{"line":55,"column":4}}},"6":{"name":"buy","line":57,"loc":{"start":{"line":57,"column":4},"end":{"line":69,"column":4}}},"7":{"name":"withdraw","line":72,"loc":{"start":{"line":72,"column":4},"end":{"line":75,"column":4}}},"8":{"name":"sellBack","line":77,"loc":{"start":{"line":77,"column":4},"end":{"line":95,"column":4}}},"9":{"name":"mintTokensToAddress","line":98,"loc":{"start":{"line":98,"column":4},"end":{"line":100,"column":4}}},"10":{"name":"changeBalanceAtAddress","line":104,"loc":{"start":{"line":104,"column":4},"end":{"line":109,"column":4}}},"11":{"name":"authoritativeTransferFrom","line":113,"loc":{"start":{"line":113,"column":4},"end":{"line":115,"column":4}}},"12":{"name":"_update","line":118,"loc":{"start":{"line":118,"column":4},"end":{"line":122,"column":4}}}},"statementMap":{"1":{"start":{"line":16,"column":8},"end":{"line":16,"column":44}},"2":{"start":{"line":28,"column":8},"end":{"line":28,"column":54}},"3":{"start":{"line":29,"column":8},"end":{"line":29,"column":53}},"4":{"start":{"line":36,"column":8},"end":{"line":36,"column":53}},"5":{"start":{"line":37,"column":8},"end":{"line":37,"column":53}},"6":{"start":{"line":44,"column":8},"end":{"line":44,"column":46}},"7":{"start":{"line":47,"column":8},"end":{"line":47,"column":55}},"8":{"start":{"line":51,"column":8},"end":{"line":51,"column":53}},"9":{"start":{"line":54,"column":8},"end":{"line":54,"column":56}},"10":{"start":{"line":58,"column":8},"end":{"line":58,"column":67}},"11":{"start":{"line":59,"column":8},"end":{"line":59,"column":54}},"12":{"start":{"line":62,"column":8},"end":{"line":62,"column":2300}},"13":{"start":{"line":64,"column":12},"end":{"line":64,"column":60}},"14":{"start":{"line":67,"column":12},"end":{"line":67,"column":41}},"15":{"start":{"line":74,"column":8},"end":{"line":74,"column":76}},"16":{"start":{"line":78,"column":8},"end":{"line":78,"column":69}},"17":{"start":{"line":81,"column":8},"end":{"line":81,"column":47}},"18":{"start":{"line":84,"column":8},"end":{"line":84,"column":64}},"19":{"start":{"line":87,"column":8},"end":{"line":87,"column":3333}},"20":{"start":{"line":93,"column":8},"end":{"line":93,"column":72}},"21":{"start":{"line":99,"column":8},"end":{"line":99,"column":31}},"22":{"start":{"line":105,"column":8},"end":{"line":105,"column":33}},"23":{"start":{"line":105,"column":27},"end":{"line":105,"column":33}},"24":{"start":{"line":107,"column":8},"end":{"line":107,"column":4032}},"25":{"start":{"line":107,"column":26},"end":{"line":107,"column":58}},"26":{"start":{"line":108,"column":13},"end":{"line":108,"column":44}},"27":{"start":{"line":114,"column":8},"end":{"line":114,"column":34}},"28":{"start":{"line":119,"column":8},"end":{"line":119,"column":53}},"29":{"start":{"line":120,"column":8},"end":{"line":120,"column":49}},"30":{"start":{"line":121,"column":8},"end":{"line":121,"column":38}}},"branchMap":{"1":{"line":27,"type":"if","locations":[{"start":{"line":27,"column":40},"end":{"line":27,"column":40}},{"start":{"line":27,"column":40},"end":{"line":27,"column":40}}]},"2":{"line":28,"type":"if","locations":[{"start":{"line":28,"column":8},"end":{"line":28,"column":8}},{"start":{"line":28,"column":8},"end":{"line":28,"column":8}}]},"3":{"line":29,"type":"if","locations":[{"start":{"line":29,"column":8},"end":{"line":29,"column":8}},{"start":{"line":29,"column":8},"end":{"line":29,"column":8}}]},"4":{"line":35,"type":"if","locations":[{"start":{"line":35,"column":42},"end":{"line":35,"column":42}},{"start":{"line":35,"column":42},"end":{"line":35,"column":42}}]},"5":{"line":36,"type":"if","locations":[{"start":{"line":36,"column":8},"end":{"line":36,"column":8}},{"start":{"line":36,"column":8},"end":{"line":36,"column":8}}]},"6":{"line":37,"type":"if","locations":[{"start":{"line":37,"column":8},"end":{"line":37,"column":8}},{"start":{"line":37,"column":8},"end":{"line":37,"column":8}}]},"7":{"line":43,"type":"if","locations":[{"start":{"line":43,"column":52},"end":{"line":43,"column":52}},{"start":{"line":43,"column":52},"end":{"line":43,"column":52}}]},"8":{"line":50,"type":"if","locations":[{"start":{"line":50,"column":53},"end":{"line":50,"column":53}},{"start":{"line":50,"column":53},"end":{"line":50,"column":53}}]},"9":{"line":58,"type":"if","locations":[{"start":{"line":58,"column":8},"end":{"line":58,"column":8}},{"start":{"line":58,"column":8},"end":{"line":58,"column":8}}]},"10":{"line":62,"type":"if","locations":[{"start":{"line":62,"column":8},"end":{"line":62,"column":8}},{"start":{"line":62,"column":8},"end":{"line":62,"column":8}}]},"11":{"line":72,"type":"if","locations":[{"start":{"line":72,"column":33},"end":{"line":72,"column":33}},{"start":{"line":72,"column":33},"end":{"line":72,"column":33}}]},"12":{"line":78,"type":"if","locations":[{"start":{"line":78,"column":8},"end":{"line":78,"column":8}},{"start":{"line":78,"column":8},"end":{"line":78,"column":8}}]},"13":{"line":81,"type":"if","locations":[{"start":{"line":81,"column":8},"end":{"line":81,"column":8}},{"start":{"line":81,"column":8},"end":{"line":81,"column":8}}]},"14":{"line":87,"type":"if","locations":[{"start":{"line":87,"column":8},"end":{"line":87,"column":8}},{"start":{"line":87,"column":8},"end":{"line":87,"column":8}}]},"15":{"line":98,"type":"if","locations":[{"start":{"line":98,"column":77},"end":{"line":98,"column":77}},{"start":{"line":98,"column":77},"end":{"line":98,"column":77}}]},"16":{"line":104,"type":"if","locations":[{"start":{"line":104,"column":78},"end":{"line":104,"column":78}},{"start":{"line":104,"column":78},"end":{"line":104,"column":78}}]},"17":{"line":105,"type":"if","locations":[{"start":{"line":105,"column":8},"end":{"line":105,"column":8}},{"start":{"line":105,"column":8},"end":{"line":105,"column":8}}]},"18":{"line":107,"type":"if","locations":[{"start":{"line":107,"column":8},"end":{"line":107,"column":8}},{"start":{"line":107,"column":8},"end":{"line":107,"column":8}}]},"19":{"line":113,"type":"if","locations":[{"start":{"line":113,"column":90},"end":{"line":113,"column":90}},{"start":{"line":113,"column":90},"end":{"line":113,"column":90}}]},"20":{"line":119,"type":"if","locations":[{"start":{"line":119,"column":8},"end":{"line":119,"column":8}},{"start":{"line":119,"column":8},"end":{"line":119,"column":8}}]},"21":{"line":120,"type":"if","locations":[{"start":{"line":120,"column":8},"end":{"line":120,"column":8}},{"start":{"line":120,"column":8},"end":{"line":120,"column":8}}]}}}}