TN:
SF:C:\Users\julya\Desktop\solidity\metana-bootcamp\module-4\Forge\contracts\ERC1155.sol
FN:40,constructor
FN:44,mint
FN:60,tradeToken
FN:72,burn
FN:77,setForgingContract
FN:88,supportsInterface
FN:92,getLastMintTimestamp
FNF:7
FNH:6
FNDA:55,constructor
FNDA:129,mint
FNDA:20,tradeToken
FNDA:17,burn
FNDA:17,setForgingContract
FNDA:0,supportsInterface
FNDA:1,getLastMintTimestamp
DA:41,55
DA:45,129
DA:46,76
DA:47,3
DA:49,73
DA:51,53
DA:52,4
DA:55,122
DA:56,122
DA:61,20
DA:62,7
DA:63,13
DA:64,1
DA:66,12
DA:67,12
DA:68,12
DA:73,17
DA:74,16
DA:78,17
DA:80,16
DA:81,1
DA:84,16
DA:85,16
DA:89,0
DA:93,1
LF:25
LH:24
BRDA:45,1,0,76
BRDA:45,1,1,53
BRDA:46,2,0,3
BRDA:46,2,1,73
BRDA:51,3,0,4
BRDA:51,3,1,49
BRDA:61,4,0,7
BRDA:61,4,1,13
BRDA:63,5,0,1
BRDA:63,5,1,12
BRDA:78,6,0,16
BRDA:78,6,1,1
BRDA:80,7,0,1
BRDA:80,7,1,15
BRF:14
BRH:14
end_of_record
TN:
SF:C:\Users\julya\Desktop\solidity\metana-bootcamp\module-4\Forge\contracts\Forge.sol
FN:27,constructor
FN:32,forgeToken3
FN:48,forgeToken4
FN:64,forgeToken5
FN:80,forgeToken6
FNF:5
FNH:5
FNDA:13,constructor
FNDA:3,forgeToken3
FNDA:3,forgeToken4
FNDA:3,forgeToken5
FNDA:3,forgeToken6
DA:28,13
DA:33,3
DA:34,1
DA:36,2
DA:37,1
DA:40,1
DA:41,1
DA:42,1
DA:44,1
DA:49,3
DA:50,1
DA:52,2
DA:53,1
DA:56,1
DA:57,1
DA:58,1
DA:60,1
DA:65,3
DA:66,1
DA:68,2
DA:69,1
DA:72,1
DA:73,1
DA:74,1
DA:76,1
DA:81,3
DA:82,1
DA:84,2
DA:85,1
DA:87,1
DA:88,0
DA:91,1
DA:92,1
DA:93,1
DA:94,1
DA:96,1
LF:36
LH:35
BRDA:33,1,0,1
BRDA:33,1,1,2
BRDA:36,2,0,1
BRDA:36,2,1,1
BRDA:49,3,0,1
BRDA:49,3,1,2
BRDA:52,4,0,1
BRDA:52,4,1,1
BRDA:65,5,0,1
BRDA:65,5,1,2
BRDA:68,6,0,1
BRDA:68,6,1,1
BRDA:81,7,0,1
BRDA:81,7,1,2
BRDA:84,8,0,1
BRDA:84,8,1,1
BRDA:87,9,0,0
BRDA:87,9,1,1
BRF:18
BRH:17
end_of_record
