TN:
SF:C:\Users\julya\Desktop\solidity\metana-bootcamp\module-4\Forge\contracts\ERC1155.sol
FN:40,constructor
FN:44,mint
FN:60,tradeToken
FN:72,burn
FN:77,setForgingContract
FN:89,supportsInterface
FN:94,getLastMintTimestamp
FNF:7
FNH:6
FNDA:55,constructor
FNDA:126,mint
FNDA:20,tradeToken
FNDA:17,burn
FNDA:17,setForgingContract
FNDA:0,supportsInterface
FNDA:1,getLastMintTimestamp
DA:41,55
DA:45,126
DA:46,73
DA:47,3
DA:49,70
DA:51,53
DA:52,4
DA:55,119
DA:56,119
DA:61,20
DA:62,7
DA:63,13
DA:64,1
DA:66,12
DA:67,12
DA:68,12
DA:73,17
DA:74,16
DA:78,17
DA:80,16
DA:81,1
DA:84,16
DA:85,16
DA:90,0
DA:95,1
LF:25
LH:24
BRDA:45,1,0,73
BRDA:45,1,1,53
BRDA:46,2,0,3
BRDA:46,2,1,70
BRDA:51,3,0,4
BRDA:51,3,1,49
BRDA:61,4,0,7
BRDA:61,4,1,13
BRDA:63,5,0,1
BRDA:63,5,1,12
BRDA:78,6,0,16
BRDA:78,6,1,1
BRDA:80,7,0,1
BRDA:80,7,1,15
BRF:14
BRH:14
end_of_record
TN:
SF:C:\Users\julya\Desktop\solidity\metana-bootcamp\module-4\Forge\contracts\Forge.sol
FN:31,constructor
FN:39,forgeToken3
FN:58,forgeToken4
FN:77,forgeToken5
FN:96,forgeToken6
FNF:5
FNH:5
FNDA:13,constructor
FNDA:3,forgeToken3
FNDA:3,forgeToken4
FNDA:3,forgeToken5
FNDA:3,forgeToken6
DA:32,13
DA:40,3
DA:41,1
DA:43,2
DA:44,1
DA:47,1
DA:48,1
DA:49,1
DA:51,1
DA:59,3
DA:60,1
DA:62,2
DA:63,1
DA:66,1
DA:67,1
DA:68,1
DA:70,1
DA:78,3
DA:79,1
DA:81,2
DA:82,1
DA:85,1
DA:86,1
DA:87,1
DA:89,1
DA:97,3
DA:98,1
DA:100,2
DA:101,1
DA:103,1
DA:104,0
DA:107,1
DA:108,1
DA:109,1
DA:110,1
DA:112,1
LF:36
LH:35
BRDA:40,1,0,1
BRDA:40,1,1,2
BRDA:43,2,0,1
BRDA:43,2,1,1
BRDA:59,3,0,1
BRDA:59,3,1,2
BRDA:62,4,0,1
BRDA:62,4,1,1
BRDA:78,5,0,1
BRDA:78,5,1,2
BRDA:81,6,0,1
BRDA:81,6,1,1
BRDA:97,7,0,1
BRDA:97,7,1,2
BRDA:100,8,0,1
BRDA:100,8,1,1
BRDA:103,9,0,0
BRDA:103,9,1,1
BRF:18
BRH:17
end_of_record
